TN:
SF:imagini.js
FN:13,(anonymous_0)
FN:35,(anonymous_1)
FN:40,(anonymous_2)
FN:51,(anonymous_3)
FN:52,(anonymous_4)
FN:63,(anonymous_5)
FN:68,(anonymous_6)
FN:103,(anonymous_7)
FN:104,(anonymous_8)
FN:110,(anonymous_9)
FN:115,(anonymous_10)
FN:127,(anonymous_11)
FN:134,(anonymous_12)
FNF:13
FNH:10
FNDA:1,(anonymous_0)
FNDA:14,(anonymous_1)
FNDA:13,(anonymous_2)
FNDA:6,(anonymous_3)
FNDA:6,(anonymous_4)
FNDA:1,(anonymous_5)
FNDA:2,(anonymous_6)
FNDA:5,(anonymous_7)
FNDA:5,(anonymous_8)
FNDA:0,(anonymous_9)
FNDA:0,(anonymous_10)
FNDA:0,(anonymous_11)
FNDA:1,(anonymous_12)
DA:1,1
DA:2,1
DA:3,1
DA:4,1
DA:5,1
DA:6,1
DA:8,1
DA:9,1
DA:11,1
DA:13,1
DA:14,1
DA:16,1
DA:19,1
DA:35,1
DA:36,14
DA:37,1
DA:40,13
DA:41,13
DA:42,5
DA:45,8
DA:46,8
DA:51,1
DA:52,6
DA:53,6
DA:54,1
DA:55,1
DA:58,5
DA:63,1
DA:64,1
DA:68,1
DA:70,2
DA:71,1
DA:72,1
DA:74,1
DA:78,1
DA:79,1
DA:80,1
DA:81,1
DA:82,1
DA:83,1
DA:84,1
DA:85,1
DA:87,1
DA:88,1
DA:89,1
DA:90,1
DA:91,1
DA:92,1
DA:93,1
DA:95,1
DA:97,1
DA:99,1
DA:103,1
DA:104,5
DA:105,5
DA:110,1
DA:111,0
DA:116,0
DA:117,0
DA:120,0
DA:122,0
DA:127,1
DA:128,0
DA:134,1
DA:135,1
DA:139,1
LF:66
LH:60
BRDA:14,0,0,0
BRDA:14,0,1,1
BRDA:36,1,0,1
BRDA:36,1,1,13
BRDA:41,2,0,5
BRDA:41,2,1,8
BRDA:41,3,0,13
BRDA:41,3,1,13
BRDA:53,4,0,1
BRDA:53,4,1,5
BRDA:70,5,0,1
BRDA:70,5,1,1
BRDA:87,6,0,1
BRDA:87,6,1,0
BRDA:87,7,0,1
BRDA:87,7,1,1
BRDA:88,8,0,1
BRDA:88,8,1,0
BRDA:88,9,0,1
BRDA:88,9,1,0
BRDA:88,10,0,1
BRDA:88,10,1,0
BRDA:88,11,0,1
BRDA:88,11,1,0
BRDA:89,12,0,0
BRDA:89,12,1,1
BRDA:90,13,0,0
BRDA:90,13,1,1
BRDA:91,14,0,0
BRDA:91,14,1,1
BRDA:92,15,0,0
BRDA:92,15,1,1
BRDA:93,16,0,0
BRDA:93,16,1,1
BRDA:105,17,0,0
BRDA:105,17,1,5
BRDA:116,18,0,0
BRDA:116,18,1,0
BRF:38
BRH:24
end_of_record
